0 info it worked if it ends with ok
1 verbose cli [ 'node', '/usr/local/bin/npm', 'start' ]
2 info using npm@3.0.0
3 info using node@v0.12.2
4 verbose run-script [ 'prestart', 'start', 'poststart' ]
5 info prestart node-angular-2@0.0.0
6 info start node-angular-2@0.0.0
7 verbose unsafe-perm in lifecycle true
8 info node-angular-2@0.0.0 Failed to exec start script
9 verbose stack Error: node-angular-2@0.0.0 start: `cd client && gulp server`
9 verbose stack Exit status 1
9 verbose stack     at EventEmitter.<anonymous> (/usr/local/lib/node_modules/npm/lib/utils/lifecycle.js:222:16)
9 verbose stack     at EventEmitter.emit (events.js:110:17)
9 verbose stack     at ChildProcess.<anonymous> (/usr/local/lib/node_modules/npm/lib/utils/spawn.js:24:14)
9 verbose stack     at ChildProcess.emit (events.js:110:17)
9 verbose stack     at maybeClose (child_process.js:1015:16)
9 verbose stack     at Process.ChildProcess._handle.onexit (child_process.js:1087:5)
10 verbose pkgid node-angular-2@0.0.0
11 verbose cwd /Users/yash1/Desktop/personal/node-angular-2
12 error Darwin 15.0.0
13 error argv "node" "/usr/local/bin/npm" "start"
14 error node v0.12.2
15 error npm  v3.0.0
16 error code ELIFECYCLE
17 error node-angular-2@0.0.0 start: `cd client && gulp server`
17 error Exit status 1
18 error Failed at the node-angular-2@0.0.0 start script 'cd client && gulp server'.
18 error This is most likely a problem with the node-angular-2 package,
18 error not with npm itself.
18 error Tell the author that this fails on your system:
18 error     cd client && gulp server
18 error You can get their info via:
18 error     npm owner ls node-angular-2
18 error There is likely additional logging output above.
19 verbose exit [ 1, true ]
